# JRE version: OpenJDK Runtime Environment Temurin-21.0.10+7 (21.0.10+7) (build 21.0.10+7-LTS)
# Java VM: OpenJDK 64-Bit Server VM Temurin-21.0.10+7 (21.0.10+7-LTS, mixed mode, sharing, tiered, compressed oops, compressed class ptrs, parallel gc, windows-amd64)
GC Precious Log:
 CardTable entry size: 512
 CPUs: 8 total, 8 available
 Memory: 3863M
 Large Page Support: Disabled
 NUMA Support: Disabled
 Compressed Oops: Enabled (32-bit)
 Alignments: Space 512K, Generation 512K, Heap 2M
 Heap Min Capacity: 100M
 Heap Initial Capacity: 100M
 Heap Max Capacity: 2G
 Pre-touch: Disabled
 Parallel Workers: 8
Heap:
 PSYoungGen      total 5632K, used 1565K [0x00000000d5580000, 0x00000000d5d80000, 0x0000000100000000)
  eden space 5120K, 24% used [0x00000000d5580000,0x00000000d56bf5f8,0x00000000d5a80000)
  from space 512K, 56% used [0x00000000d5d00000,0x00000000d5d48000,0x00000000d5d80000)
  to   space 1024K, 0% used [0x00000000d5b80000,0x00000000d5b80000,0x00000000d5c80000)
 ParOldGen       total 1360896K, used 1077876K [0x0000000080000000, 0x00000000d3100000, 0x00000000d5580000)
  object space 1360896K, 79% used [0x0000000080000000,0x00000000c1c9d118,0x00000000d3100000)
 Metaspace       used 107903K, committed 109632K, reserved 1179648K
  class space    used 10742K, committed 11520K, reserved 1048576K
GC Heap History (20 events):
Event: 41701.831 GC heap before
{Heap before GC invocations=3642 (full 7):
 PSYoungGen      total 4096K, used 3776K [0x00000000d5580000, 0x00000000d5c80000, 0x0000000100000000)
  eden space 3584K, 100% used [0x00000000d5580000,0x00000000d5900000,0x00000000d5900000)
  from space 512K, 37% used [0x00000000d5c00000,0x00000000d5c30000,0x00000000d5c80000)
  to   space 512K, 0% used [0x00000000d5b80000,0x00000000d5b80000,0x00000000d5c00000)
 ParOldGen       total 1360896K, used 1063264K [0x0000000080000000, 0x00000000d3100000, 0x00000000d5580000)
  object space 1360896K, 78% used [0x0000000080000000,0x00000000c0e58398,0x00000000d3100000)
 Metaspace       used 107901K, committed 109632K, reserved 1179648K
  class space    used 10742K, committed 11520K, reserved 1048576K
}
Event: 41701.839 GC heap after
{Heap after GC invocations=3642 (full 7):
 PSYoungGen      total 4096K, used 512K [0x00000000d5580000, 0x00000000d5c80000, 0x0000000100000000)
  eden space 3584K, 0% used [0x00000000d5580000,0x00000000d5580000,0x00000000d5900000)
  from space 512K, 100% used [0x00000000d5b80000,0x00000000d5c00000,0x00000000d5c00000)
  to   space 512K, 0% used [0x00000000d5c00000,0x00000000d5c00000,0x00000000d5c80000)
 ParOldGen       total 1360896K, used 1063416K [0x0000000080000000, 0x00000000d3100000, 0x00000000d5580000)
  object space 1360896K, 78% used [0x0000000080000000,0x00000000c0e7e3b8,0x00000000d3100000)
 Metaspace       used 107901K, committed 109632K, reserved 1179648K
  class space    used 10742K, committed 11520K, reserved 1048576K
}
Event: 41702.092 GC heap before
{Heap before GC invocations=3643 (full 7):
 PSYoungGen      total 4096K, used 4091K [0x00000000d5580000, 0x00000000d5c80000, 0x0000000100000000)
  eden space 3584K, 99% used [0x00000000d5580000,0x00000000d58fedc0,0x00000000d5900000)
  from space 512K, 100% used [0x00000000d5b80000,0x00000000d5c00000,0x00000000d5c00000)
  to   space 512K, 0% used [0x00000000d5c00000,0x00000000d5c00000,0x00000000d5c80000)
 ParOldGen       total 1360896K, used 1063416K [0x0000000080000000, 0x00000000d3100000, 0x00000000d5580000)
  object space 1360896K, 78% used [0x0000000080000000,0x00000000c0e7e3b8,0x00000000d3100000)
 Metaspace       used 107901K, committed 109632K, reserved 1179648K
  class space    used 10742K, committed 11520K, reserved 1048576K
}
Event: 41702.097 GC heap after
{Heap after GC invocations=3643 (full 7):
 PSYoungGen      total 4096K, used 512K [0x00000000d5580000, 0x00000000d5c80000, 0x0000000100000000)
  eden space 3584K, 0% used [0x00000000d5580000,0x00000000d5580000,0x00000000d5900000)
  from space 512K, 100% used [0x00000000d5c00000,0x00000000d5c80000,0x00000000d5c80000)
  to   space 1536K, 0% used [0x00000000d5980000,0x00000000d5980000,0x00000000d5b00000)
 ParOldGen       total 1360896K, used 1064110K [0x0000000080000000, 0x00000000d3100000, 0x00000000d5580000)
  object space 1360896K, 78% used [0x0000000080000000,0x00000000c0f2bac0,0x00000000d3100000)
 Metaspace       used 107901K, committed 109632K, reserved 1179648K
  class space    used 10742K, committed 11520K, reserved 1048576K
}
Event: 41702.513 GC heap before
{Heap before GC invocations=3644 (full 7):
 PSYoungGen      total 4096K, used 4095K [0x00000000d5580000, 0x00000000d5c80000, 0x0000000100000000)
  eden space 3584K, 99% used [0x00000000d5580000,0x00000000d58ffff0,0x00000000d5900000)
  from space 512K, 100% used [0x00000000d5c00000,0x00000000d5c80000,0x00000000d5c80000)
  to   space 1536K, 0% used [0x00000000d5980000,0x00000000d5980000,0x00000000d5b00000)
 ParOldGen       total 1360896K, used 1064110K [0x0000000080000000, 0x00000000d3100000, 0x00000000d5580000)
  object space 1360896K, 78% used [0x0000000080000000,0x00000000c0f2bac0,0x00000000d3100000)
 Metaspace       used 107902K, committed 109632K, reserved 1179648K
  class space    used 10742K, committed 11520K, reserved 1048576K
}
Event: 41702.532 GC heap after
{Heap after GC invocations=3644 (full 7):
 PSYoungGen      total 5120K, used 1024K [0x00000000d5580000, 0x00000000d5c80000, 0x0000000100000000)
  eden space 3584K, 0% used [0x00000000d5580000,0x00000000d5580000,0x00000000d5900000)
  from space 1536K, 66% used [0x00000000d5980000,0x00000000d5a80000,0x00000000d5b00000)
  to   space 1536K, 0% used [0x00000000d5b00000,0x00000000d5b00000,0x00000000d5c80000)
 ParOldGen       total 1360896K, used 1064612K [0x0000000080000000, 0x00000000d3100000, 0x00000000d5580000)
  object space 1360896K, 78% used [0x0000000080000000,0x00000000c0fa9088,0x00000000d3100000)
 Metaspace       used 107902K, committed 109632K, reserved 1179648K
  class space    used 10742K, committed 11520K, reserved 1048576K
}
Event: 41702.568 GC heap before
{Heap before GC invocations=3645 (full 7):
 PSYoungGen      total 5120K, used 4608K [0x00000000d5580000, 0x00000000d5c80000, 0x0000000100000000)
  eden space 3584K, 100% used [0x00000000d5580000,0x00000000d5900000,0x00000000d5900000)
  from space 1536K, 66% used [0x00000000d5980000,0x00000000d5a80000,0x00000000d5b00000)
  to   space 1536K, 0% used [0x00000000d5b00000,0x00000000d5b00000,0x00000000d5c80000)
 ParOldGen       total 1360896K, used 1064612K [0x0000000080000000, 0x00000000d3100000, 0x00000000d5580000)
  object space 1360896K, 78% used [0x0000000080000000,0x00000000c0fa9088,0x00000000d3100000)
 Metaspace       used 107902K, committed 109632K, reserved 1179648K
  class space    used 10742K, committed 11520K, reserved 1048576K
}
Event: 41702.574 GC heap after
{Heap after GC invocations=3645 (full 7):
 PSYoungGen      total 4096K, used 224K [0x00000000d5580000, 0x00000000d5b80000, 0x0000000100000000)
  eden space 3584K, 0% used [0x00000000d5580000,0x00000000d5580000,0x00000000d5900000)
  from space 512K, 43% used [0x00000000d5b00000,0x00000000d5b38000,0x00000000d5b80000)
  to   space 1024K, 0% used [0x00000000d5980000,0x00000000d5980000,0x00000000d5a80000)
 ParOldGen       total 1360896K, used 1064668K [0x0000000080000000, 0x00000000d3100000, 0x00000000d5580000)
  object space 1360896K, 78% used [0x0000000080000000,0x00000000c0fb7088,0x00000000d3100000)
 Metaspace       used 107902K, committed 109632K, reserved 1179648K
  class space    used 10742K, committed 11520K, reserved 1048576K
}
Event: 41702.691 GC heap before
{Heap before GC invocations=3646 (full 7):
 PSYoungGen      total 4096K, used 3808K [0x00000000d5580000, 0x00000000d5b80000, 0x0000000100000000)
  eden space 3584K, 100% used [0x00000000d5580000,0x00000000d5900000,0x00000000d5900000)
  from space 512K, 43% used [0x00000000d5b00000,0x00000000d5b38000,0x00000000d5b80000)
  to   space 1024K, 0% used [0x00000000d5980000,0x00000000d5980000,0x00000000d5a80000)
 ParOldGen       total 1360896K, used 1064668K [0x0000000080000000, 0x00000000d3100000, 0x00000000d5580000)
  object space 1360896K, 78% used [0x0000000080000000,0x00000000c0fb7088,0x00000000d3100000)
 Metaspace       used 107902K, committed 109632K, reserved 1179648K
  class space    used 10742K, committed 11520K, reserved 1048576K
}
Event: 41702.704 GC heap after
{Heap after GC invocations=3646 (full 7):
 PSYoungGen      total 4608K, used 995K [0x00000000d5580000, 0x00000000d6000000, 0x0000000100000000)
  eden space 3584K, 0% used [0x00000000d5580000,0x00000000d5580000,0x00000000d5900000)
  from space 1024K, 97% used [0x00000000d5980000,0x00000000d5a78c90,0x00000000d5a80000)
  to   space 3584K, 0% used [0x00000000d5c80000,0x00000000d5c80000,0x00000000d6000000)
 ParOldGen       total 1360896K, used 1066508K [0x0000000080000000, 0x00000000d3100000, 0x00000000d5580000)
  object space 1360896K, 78% used [0x0000000080000000,0x00000000c1183098,0x00000000d3100000)
 Metaspace       used 107902K, committed 109632K, reserved 1179648K
  class space    used 10742K, committed 11520K, reserved 1048576K
}
Event: 41702.751 GC heap before
{Heap before GC invocations=3647 (full 7):
 PSYoungGen      total 4608K, used 4579K [0x00000000d5580000, 0x00000000d6000000, 0x0000000100000000)
  eden space 3584K, 100% used [0x00000000d5580000,0x00000000d5900000,0x00000000d5900000)
  from space 1024K, 97% used [0x00000000d5980000,0x00000000d5a78c90,0x00000000d5a80000)
  to   space 3584K, 0% used [0x00000000d5c80000,0x00000000d5c80000,0x00000000d6000000)
 ParOldGen       total 1360896K, used 1066508K [0x0000000080000000, 0x00000000d3100000, 0x00000000d5580000)
  object space 1360896K, 78% used [0x0000000080000000,0x00000000c1183098,0x00000000d3100000)
 Metaspace       used 107902K, committed 109632K, reserved 1179648K
  class space    used 10742K, committed 11520K, reserved 1048576K
}
Event: 41702.792 GC heap after
{Heap after GC invocations=3647 (full 7):
 PSYoungGen      total 7168K, used 2959K [0x00000000d5580000, 0x00000000d6000000, 0x0000000100000000)
  eden space 3584K, 0% used [0x00000000d5580000,0x00000000d5580000,0x00000000d5900000)
  from space 3584K, 82% used [0x00000000d5c80000,0x00000000d5f63c00,0x00000000d6000000)
  to   space 3584K, 0% used [0x00000000d5900000,0x00000000d5900000,0x00000000d5c80000)
 ParOldGen       total 1360896K, used 1068002K [0x0000000080000000, 0x00000000d3100000, 0x00000000d5580000)
  object space 1360896K, 78% used [0x0000000080000000,0x00000000c12f89c8,0x00000000d3100000)
 Metaspace       used 107902K, committed 109632K, reserved 1179648K
  class space    used 10742K, committed 11520K, reserved 1048576K
}
Event: 41702.855 GC heap before
{Heap before GC invocations=3648 (full 7):
 PSYoungGen      total 7168K, used 6543K [0x00000000d5580000, 0x00000000d6000000, 0x0000000100000000)
  eden space 3584K, 100% used [0x00000000d5580000,0x00000000d5900000,0x00000000d5900000)
  from space 3584K, 82% used [0x00000000d5c80000,0x00000000d5f63c00,0x00000000d6000000)
  to   space 3584K, 0% used [0x00000000d5900000,0x00000000d5900000,0x00000000d5c80000)
 ParOldGen       total 1360896K, used 1068002K [0x0000000080000000, 0x00000000d3100000, 0x00000000d5580000)
  object space 1360896K, 78% used [0x0000000080000000,0x00000000c12f89c8,0x00000000d3100000)
 Metaspace       used 107902K, committed 109632K, reserved 1179648K
  class space    used 10742K, committed 11520K, reserved 1048576K
}
Event: 41703.081 GC heap after
{Heap after GC invocations=3648 (full 7):
 PSYoungGen      total 7168K, used 3232K [0x00000000d5580000, 0x00000000d6100000, 0x0000000100000000)
  eden space 3584K, 0% used [0x00000000d5580000,0x00000000d5580000,0x00000000d5900000)
  from space 3584K, 90% used [0x00000000d5900000,0x00000000d5c281d0,0x00000000d5c80000)
  to   space 3584K, 0% used [0x00000000d5d80000,0x00000000d5d80000,0x00000000d6100000)
 ParOldGen       total 1360896K, used 1070737K [0x0000000080000000, 0x00000000d3100000, 0x00000000d5580000)
  object space 1360896K, 78% used [0x0000000080000000,0x00000000c15a46f0,0x00000000d3100000)
 Metaspace       used 107902K, committed 109632K, reserved 1179648K
  class space    used 10742K, committed 11520K, reserved 1048576K
}
Event: 41703.326 GC heap before
{Heap before GC invocations=3649 (full 7):
 PSYoungGen      total 7168K, used 6816K [0x00000000d5580000, 0x00000000d6100000, 0x0000000100000000)
  eden space 3584K, 99% used [0x00000000d5580000,0x00000000d58fffe8,0x00000000d5900000)
  from space 3584K, 90% used [0x00000000d5900000,0x00000000d5c281d0,0x00000000d5c80000)
  to   space 3584K, 0% used [0x00000000d5d80000,0x00000000d5d80000,0x00000000d6100000)
 ParOldGen       total 1360896K, used 1070737K [0x0000000080000000, 0x00000000d3100000, 0x00000000d5580000)
  object space 1360896K, 78% used [0x0000000080000000,0x00000000c15a46f0,0x00000000d3100000)
 Metaspace       used 107903K, committed 109632K, reserved 1179648K
  class space    used 10742K, committed 11520K, reserved 1048576K
}
Event: 41703.360 GC heap after
{Heap after GC invocations=3649 (full 7):
 PSYoungGen      total 7680K, used 2720K [0x00000000d5580000, 0x00000000d6080000, 0x0000000100000000)
  eden space 4608K, 0% used [0x00000000d5580000,0x00000000d5580000,0x00000000d5a00000)
  from space 3072K, 88% used [0x00000000d5d80000,0x00000000d6028000,0x00000000d6080000)
  to   space 3072K, 0% used [0x00000000d5a80000,0x00000000d5a80000,0x00000000d5d80000)
 ParOldGen       total 1360896K, used 1073922K [0x0000000080000000, 0x00000000d3100000, 0x00000000d5580000)
  object space 1360896K, 78% used [0x0000000080000000,0x00000000c18c08c0,0x00000000d3100000)
 Metaspace       used 107903K, committed 109632K, reserved 1179648K
  class space    used 10742K, committed 11520K, reserved 1048576K
}
Event: 41703.565 GC heap before
{Heap before GC invocations=3650 (full 7):
 PSYoungGen      total 7680K, used 7328K [0x00000000d5580000, 0x00000000d6080000, 0x0000000100000000)
  eden space 4608K, 100% used [0x00000000d5580000,0x00000000d5a00000,0x00000000d5a00000)
  from space 3072K, 88% used [0x00000000d5d80000,0x00000000d6028000,0x00000000d6080000)
  to   space 3072K, 0% used [0x00000000d5a80000,0x00000000d5a80000,0x00000000d5d80000)
 ParOldGen       total 1360896K, used 1073922K [0x0000000080000000, 0x00000000d3100000, 0x00000000d5580000)
  object space 1360896K, 78% used [0x0000000080000000,0x00000000c18c08c0,0x00000000d3100000)
 Metaspace       used 107903K, committed 109632K, reserved 1179648K
  class space    used 10742K, committed 11520K, reserved 1048576K
}
Event: 41703.593 GC heap after
{Heap after GC invocations=3650 (full 7):
 PSYoungGen      total 6656K, used 1440K [0x00000000d5580000, 0x00000000d5f00000, 0x0000000100000000)
  eden space 5120K, 0% used [0x00000000d5580000,0x00000000d5580000,0x00000000d5a80000)
  from space 1536K, 93% used [0x00000000d5a80000,0x00000000d5be8000,0x00000000d5c00000)
  to   space 2048K, 0% used [0x00000000d5d00000,0x00000000d5d00000,0x00000000d5f00000)
 ParOldGen       total 1360896K, used 1076511K [0x0000000080000000, 0x00000000d3100000, 0x00000000d5580000)
  object space 1360896K, 79% used [0x0000000080000000,0x00000000c1b47d58,0x00000000d3100000)
 Metaspace       used 107903K, committed 109632K, reserved 1179648K
  class space    used 10742K, committed 11520K, reserved 1048576K
}
Event: 41713.907 GC heap before
{Heap before GC invocations=3651 (full 7):
 PSYoungGen      total 6656K, used 6560K [0x00000000d5580000, 0x00000000d5f00000, 0x0000000100000000)
  eden space 5120K, 100% used [0x00000000d5580000,0x00000000d5a80000,0x00000000d5a80000)
  from space 1536K, 93% used [0x00000000d5a80000,0x00000000d5be8000,0x00000000d5c00000)
  to   space 2048K, 0% used [0x00000000d5d00000,0x00000000d5d00000,0x00000000d5f00000)
 ParOldGen       total 1360896K, used 1076511K [0x0000000080000000, 0x00000000d3100000, 0x00000000d5580000)
  object space 1360896K, 79% used [0x0000000080000000,0x00000000c1b47d58,0x00000000d3100000)
 Metaspace       used 107903K, committed 109632K, reserved 1179648K
  class space    used 10742K, committed 11520K, reserved 1048576K
}
Event: 41713.918 GC heap after
{Heap after GC invocations=3651 (full 7):
 PSYoungGen      total 5632K, used 288K [0x00000000d5580000, 0x00000000d5d80000, 0x0000000100000000)
  eden space 5120K, 0% used [0x00000000d5580000,0x00000000d5580000,0x00000000d5a80000)
  from space 512K, 56% used [0x00000000d5d00000,0x00000000d5d48000,0x00000000d5d80000)
  to   space 1024K, 0% used [0x00000000d5b80000,0x00000000d5b80000,0x00000000d5c80000)
 ParOldGen       total 1360896K, used 1077876K [0x0000000080000000, 0x00000000d3100000, 0x00000000d5580000)
  object space 1360896K, 79% used [0x0000000080000000,0x00000000c1c9d118,0x00000000d3100000)
 Metaspace       used 107903K, committed 109632K, reserved 1179648K
  class space    used 10742K, committed 11520K, reserved 1048576K
}

